{
  "0 debug pnpm:scope": {
    "selected": 1
  },
  "1 error pnpm": {
    "errno": 1,
    "code": "ELIFECYCLE",
    "pkgid": "ifrn-chat-web@1.0.0",
    "stage": "dev",
    "script": "node index.js",
    "pkgname": "ifrn-chat-web",
    "err": {
      "name": "pnpm",
      "message": "ifrn-chat-web@1.0.0 dev: `node index.js`\nExit status 1",
      "code": "ELIFECYCLE",
      "stack": "pnpm: ifrn-chat-web@1.0.0 dev: `node index.js`\nExit status 1\n    at EventEmitter.<anonymous> (/home/aluno/.nvm/versions/node/v18.2.0/lib/node_modules/pnpm/dist/pnpm.cjs:106903:20)\n    at EventEmitter.emit (node:events:527:28)\n    at ChildProcess.<anonymous> (/home/aluno/.nvm/versions/node/v18.2.0/lib/node_modules/pnpm/dist/pnpm.cjs:93472:18)\n    at ChildProcess.emit (node:events:527:28)\n    at maybeClose (node:internal/child_process:1090:16)\n    at ChildProcess._handle.onexit (node:internal/child_process:302:5)"
    }
  },
  "2 warn pnpm:global": " Local package.json exists, but node_modules missing, did you mean to install?"
}